Flutter crash report.
Please report a bug at https://github.com/flutter/flutter/issues.

## command

flutter run

## exception

_Exception: Exception: Source directory "C:\Users\gidc\AppData\Local\Temp\flutter_tools.608dde0b\flutter_tools_chrome_device.3c8c3f10\Default\EdgeWallet" does not exist, nothing to copy

```
#0      copyDirectory (package:flutter_tools/src/base/file_system.dart:138:5)
#1      copyDirectory (package:flutter_tools/src/base/file_system.dart:161:7)
#2      ChromiumLauncher._cacheUserSessionInformation (package:flutter_tools/src/web/chrome.dart:385:9)
#3      ChromiumLauncher.launch.<anonymous closure> (package:flutter_tools/src/web/chrome.dart:241:11)
#4      _rootRun (dart:async/zone.dart:1517:47)
#5      _CustomZone.run (dart:async/zone.dart:1422:19)
#6      _FutureListener.handleWhenComplete (dart:async/future_impl.dart:272:18)
#7      Future._propagateToListeners.handleWhenCompleteCallback (dart:async/future_impl.dart:909:39)
#8      Future._propagateToListeners (dart:async/future_impl.dart:974:11)
#9      Future._propagateToListeners (dart:async/future_impl.dart:862:9)
#10     Future._completeWithValue (dart:async/future_impl.dart:720:5)
#11     Future._asyncCompleteWithValue.<anonymous closure> (dart:async/future_impl.dart:804:7)
#12     _rootRun (dart:async/zone.dart:1525:13)
#13     _CustomZone.run (dart:async/zone.dart:1422:19)
#14     _CustomZone.runGuarded (dart:async/zone.dart:1321:7)
#15     _CustomZone.bindCallbackGuarded.<anonymous closure> (dart:async/zone.dart:1362:23)
#16     _microtaskLoop (dart:async/schedule_microtask.dart:40:35)
#17     _startMicrotaskLoop (dart:async/schedule_microtask.dart:49:5)
#18     _runPendingImmediateCallback (dart:isolate-patch/isolate_patch.dart:127:13)
#19     _RawReceivePort._handleMessage (dart:isolate-patch/isolate_patch.dart:194:5)
```

## flutter doctor

```
[32m[âœ“][39m Flutter (Channel stable, 3.35.7,
    on Microsoft Windows [Version
    10.0.26100.4946], locale en-GB)
    [9081.4s]
    [32mâ€¢[39m Flutter version 3.35.7 on
      channel stable at
      C:\Users\gidc\Downloads\flutte
      r_windows_3.35.5-stable\flutte
      r
    [32mâ€¢[39m Upstream repository
      https://github.com/flutter/flu
      tter.git
    [32mâ€¢[39m Framework revision adc9010625
      (6 weeks ago), 2025-10-21
      14:16:03 -0400
    [32mâ€¢[39m Engine revision 035316565a
    [32mâ€¢[39m Dart version 3.9.2
    [32mâ€¢[39m DevTools version 2.48.0
    [32mâ€¢[39m Feature flags: enable-web,
      enable-linux-desktop,
      enable-macos-desktop,
      enable-windows-desktop,
      enable-android, enable-ios,
      cli-animations,
      enable-lldb-debugging

[32m[âœ“][39m Windows Version (11 Home 64-bit,
    24H2, 2009) [6.7s]

[32m[âœ“][39m Android toolchain - develop for
    Android devices (Android SDK
    version 36.1.0) [9.9s]
    [32mâ€¢[39m Android SDK at
      C:\Users\gidc\AppData\Local\An
      droid\sdk
    [32mâ€¢[39m Emulator version 36.2.11.0
      (build_id 14212360) (CL:N/A)
    [32mâ€¢[39m Platform android-36,
      build-tools 36.1.0
    [32mâ€¢[39m Java binary at: C:\Program
      Files\Android\Android
      Studio3\jbr\bin\java
      This is the JDK bundled with
      the latest Android Studio
      installation on this machine.
      To manually set the JDK path,
      use: `flutter config
      --jdk-dir="path/to/jdk"`.
    [32mâ€¢[39m Java version OpenJDK Runtime
      Environment (build
      21.0.8+-14018985-b1038.68)
    [32mâ€¢[39m All Android licenses accepted.

[31m[âœ—][39m Chrome - develop for the web
    (Cannot find Chrome executable
    at
    .\Google\Chrome\Application\chro
    me.exe) [1,487ms]
    [33m![39m Cannot find Chrome. Try
      setting CHROME_EXECUTABLE to a
      Chrome executable.

[33m[!][39m Visual Studio - develop Windows
    apps (Visual Studio Build Tools
    2019 16.11.52) [1,484ms]
    [32mâ€¢[39m Visual Studio at C:\Program
      Files (x86)\Microsoft Visual
      Studio\2019\BuildTools
    [32mâ€¢[39m Visual Studio Build Tools 2019
      version 16.11.36602.28
    [31mâœ—[39m Visual Studio is missing
      necessary components. Please
      re-run the Visual Studio
      installer for the "Desktop
      development with C++"
      workload, and include these
      components:
        MSVC v142 - VS 2019 C++
        x64/x86 build tools
         - If there are multiple
         build tool versions
         available, install the
         latest
        C++ CMake tools for Windows
        Windows 10 SDK

[32m[âœ“][39m Android Studio (version
    2025.1.4) [14ms]
    [32mâ€¢[39m Android Studio at C:\Program
      Files\Android\Android Studio3
    [32mâ€¢[39m Flutter plugin can be
      installed from:
      ðŸ”¨
      https://plugins.jetbrains.com/
      plugin/9212-flutter
    [32mâ€¢[39m Dart plugin can be installed
      from:
      ðŸ”¨
      https://plugins.jetbrains.com/
      plugin/6351-dart
    [32mâ€¢[39m Java version OpenJDK Runtime
      Environment (build
      21.0.8+-14018985-b1038.68)

[32m[âœ“][39m VS Code (version 1.106.3) [10ms]
    [32mâ€¢[39m VS Code at
      C:\Users\gidc\AppData\Local\Pr
      ograms\Microsoft VS Code
    [32mâ€¢[39m Flutter extension version
      3.122.0

[32m[âœ“][39m Connected device (2 available)
    [1,189ms]
    [32mâ€¢[39m Windows (desktop) â€¢ windows â€¢
      windows-x64    â€¢ Microsoft
      Windows [Version
      10.0.26100.4946]
    [32mâ€¢[39m Edge (web)        â€¢ edge    â€¢
      web-javascript â€¢ Microsoft
      Edge 140.0.3485.94

[33m[!][39m Network resources [599ms]
    [31mâœ—[39m A network error occurred while
      checking "https://pub.dev/":
      Failed host lookup: 'pub.dev'
    [31mâœ—[39m A network error occurred while
      checking
      "https://storage.googleapis.co
      m/": Failed host lookup:
      'storage.googleapis.com'
    [31mâœ—[39m A network error occurred while
      checking
      "https://maven.google.com/":
      Failed host lookup:
      'maven.google.com'
    [31mâœ—[39m A network error occurred while
      checking
      "https://cocoapods.org/":
      Failed host lookup:
      'cocoapods.org'
    [31mâœ—[39m A network error occurred while
      checking
      "https://github.com/": Failed
      host lookup: 'github.com'

[33m![39m Doctor found issues in 3
  categories.
```
